<?xml version="1.0" encoding="UTF-8"?>
<!-- Generated by org.testng.reporters.JUnitXMLReporter -->
<testsuite ignored="0" hostname="BERMO-MSI" failures="3" tests="3" name="Test" time="8.714" errors="0" timestamp="2021-06-17T22:27:52 GMT+08:00">
  <testcase classname="newTests.LoginWithValidCredentials" name="@AfterTest closeBrowser" time="0.81">
    <failure type="java.lang.NullPointerException" message="Cannot invoke &amp;quot;com.aventstack.extentreports.ExtentTest.log(com.aventstack.extentreports.Status, String)&amp;quot; because &amp;quot;this.test&amp;quot; is null">
      <![CDATA[java.lang.NullPointerException: Cannot invoke "com.aventstack.extentreports.ExtentTest.log(com.aventstack.extentreports.Status, String)" because "this.test" is null
at newTests.LoginWithValidCredentials.closeBrowser(LoginWithValidCredentials.java:75)
... Removed 24 stack frames]]>
    </failure>
  </testcase> <!-- @AfterTest closeBrowser -->
  <testcase classname="newTests.LoginWithValidCredentials" name="user_enters_username_and_password" time="0.0">
    <failure type="org.testng.TestNGException" message="
Cannot inject @Test annotated Method [user_enters_username_and_password] with [class java.lang.String, class java.lang.String].
For more information on native dependency injection please refer to https://testng.org/doc/documentation-main.html#native-dependency-injection">
      <![CDATA[org.testng.TestNGException: 
Cannot inject @Test annotated Method [user_enters_username_and_password] with [class java.lang.String, class java.lang.String].
For more information on native dependency injection please refer to https://testng.org/doc/documentation-main.html#native-dependency-injection
at java.base/java.util.ArrayList.forEach(ArrayList.java:1511)
... Removed 26 stack frames]]>
    </failure>
  </testcase> <!-- user_enters_username_and_password -->
  <testcase classname="newTests.LoginWithValidCredentials" name="clicks_login_button" time="0.005">
    <failure type="java.lang.NullPointerException" message="Cannot invoke &amp;quot;newTestsPages.LoginPage.clickLoginButton()&amp;quot; because &amp;quot;this.login&amp;quot; is null">
      <![CDATA[java.lang.NullPointerException: Cannot invoke "newTestsPages.LoginPage.clickLoginButton()" because "this.login" is null
at newTests.LoginWithValidCredentials.clicks_login_button(LoginWithValidCredentials.java:58)
at java.base/java.util.ArrayList.forEach(ArrayList.java:1511)
... Removed 27 stack frames]]>
    </failure>
  </testcase> <!-- clicks_login_button -->
  <testcase classname="newTests.LoginWithValidCredentials" name="user_is_navigated_to_the_home_page" time="0.002">
    <failure type="java.lang.NullPointerException" message="Cannot invoke &amp;quot;com.aventstack.extentreports.ExtentTest.log(com.aventstack.extentreports.Status, String)&amp;quot; because &amp;quot;this.test&amp;quot; is null">
      <![CDATA[java.lang.NullPointerException: Cannot invoke "com.aventstack.extentreports.ExtentTest.log(com.aventstack.extentreports.Status, String)" because "this.test" is null
at newTests.LoginWithValidCredentials.user_is_navigated_to_the_home_page(LoginWithValidCredentials.java:66)
at java.base/java.util.ArrayList.forEach(ArrayList.java:1511)
... Removed 27 stack frames]]>
    </failure>
  </testcase> <!-- user_is_navigated_to_the_home_page -->
</testsuite> <!-- Test -->
